[debug] [2022-05-06T09:17:04.577Z] ----------------------------------------------------------------------
[debug] [2022-05-06T09:17:04.580Z] Command:       C:\Program Files\nodejs\node.exe C:\Users\Amine\AppData\Roaming\npm\node_modules\firebase-tools\lib\bin\firebase.js init
[debug] [2022-05-06T09:17:04.582Z] CLI Version:   10.8.0
[debug] [2022-05-06T09:17:04.586Z] Platform:      win32
[debug] [2022-05-06T09:17:04.586Z] Node Version:  v16.14.2
[debug] [2022-05-06T09:17:04.601Z] Time:          Fri May 06 2022 09:17:04 GMT+0000 (UTC)
[debug] [2022-05-06T09:17:04.602Z] ----------------------------------------------------------------------
[debug] 
[debug] [2022-05-06T09:17:04.646Z] > command requires scopes: ["email","openid","https://www.googleapis.com/auth/cloudplatformprojects.readonly","https://www.googleapis.com/auth/firebase","https://www.googleapis.com/auth/cloud-platform"]
[debug] [2022-05-06T09:17:04.647Z] > authorizing via signed-in user (af.jaoulali@gmail.com)
[info] 
     ######## #### ########  ######## ########     ###     ######  ########
     ##        ##  ##     ## ##       ##     ##  ##   ##  ##       ##
     ######    ##  ########  ######   ########  #########  ######  ######
     ##        ##  ##    ##  ##       ##     ## ##     ##       ## ##
     ##       #### ##     ## ######## ########  ##     ##  ######  ########

You're about to initialize a Firebase project in this directory:

  C:\Afaf\19-react\Project\projectreact

Before we get started, keep in mind:

  * You are currently outside your home directory

